<?xml version="1.0" encoding="UTF-8"?>
<testsuite name="PatternTesting" tests="3" skipped="0" failures="0" errors="0" timestamp="2023-02-25T12:02:51" hostname="MAGGO" time="0.029">
  <properties/>
  <testcase name="checkStatePattern()" classname="PatternTesting" time="0.02"/>
  <testcase name="checkObserverPattern()" classname="PatternTesting" time="0.006"/>
  <testcase name="checkChainOfResponsibilityPattern()" classname="PatternTesting" time="0.001"/>
  <system-out><![CDATA[Passengers new State: state.Bronze@7f0d96f2
Passengers new State: state.Silver@2bd08376
Passengers new State: state.Gold@3d3e5463
Passengers new State: state.Platinum@4b40f651
ClassesToMoreThanOnePattern.Passenger don't wan't to city: XA he wants to: XB.
]]></system-out>
  <system-err><![CDATA[]]></system-err>
</testsuite>
